Frontend/Twin1/app/build/intermediates/manifest_merge_blame_file/debug/manifest-merger-blame-debug-report.txt
1<?xml version="1.0" encoding="utf-8"?>
2<manifest xmlns:android="http://schemas.android.com/apk/res/android"
3    package="com.example.sumon.Twin"
4    android:versionCode="1"
5    android:versionName="1.0" >
6
7    <uses-sdk
8        android:minSdkVersion="21"
8-->src/main/AndroidManifest.xml
9        android:targetSdkVersion="26" />
9-->src/main/AndroidManifest.xml
10
11    <uses-permission android:name="android.permission.INTERNET" />
11-->src/main/AndroidManifest.xml:5:5-67
11-->src/main/AndroidManifest.xml:5:22-64
12
13    <application
13-->src/main/AndroidManifest.xml:7:5-31:19
14        android:name="com.example.sumon.Twin.app.AppController"
14-->src/main/AndroidManifest.xml:8:9-42
15        android:allowBackup="true"
15-->src/main/AndroidManifest.xml:9:9-35
16        android:appComponentFactory="android.support.v4.app.CoreComponentFactory"
16-->[com.android.support:support-compat:28.0.0] AndroidManifest.xml:22:18-91
17        android:debuggable="true"
18        android:icon="@mipmap/ic_launcher"
18-->src/main/AndroidManifest.xml:10:9-43
19        android:label="@string/app_name"
19-->src/main/AndroidManifest.xml:11:9-41
20        android:roundIcon="@mipmap/ic_launcher_round"
20-->src/main/AndroidManifest.xml:12:9-54
21        android:supportsRtl="true"
21-->src/main/AndroidManifest.xml:13:9-35
22        android:testOnly="true"
23        android:theme="@style/AppTheme" >
23-->src/main/AndroidManifest.xml:14:9-40
24        <activity
24-->src/main/AndroidManifest.xml:15:9-17:40
25            android:name="com.example.sumon.Twin.EditProfileWindows"
25-->src/main/AndroidManifest.xml:16:13-47
26            android:exported="false" />
26-->src/main/AndroidManifest.xml:17:13-37
27        <activity
27-->src/main/AndroidManifest.xml:18:9-20:40
28            android:name="com.example.sumon.Twin.EventActivity"
28-->src/main/AndroidManifest.xml:19:13-42
29            android:exported="false" />
29-->src/main/AndroidManifest.xml:20:13-37
30        <activity android:name="com.example.sumon.Twin.MainActivity" >
30-->src/main/AndroidManifest.xml:21:9-27:20
30-->src/main/AndroidManifest.xml:21:19-47
31            <intent-filter>
31-->src/main/AndroidManifest.xml:22:13-26:29
32                <action android:name="android.intent.action.MAIN" />
32-->src/main/AndroidManifest.xml:23:17-69
32-->src/main/AndroidManifest.xml:23:25-66
33
34                <category android:name="android.intent.category.LAUNCHER" />
34-->src/main/AndroidManifest.xml:25:17-77
34-->src/main/AndroidManifest.xml:25:27-74
35            </intent-filter>
36        </activity>
37        <activity android:name="com.example.sumon.Twin.StringRequestActivity" />
37-->src/main/AndroidManifest.xml:28:9-59
37-->src/main/AndroidManifest.xml:28:19-56
38        <activity android:name="com.example.sumon.Twin.JsonRequestActivity" />
38-->src/main/AndroidManifest.xml:29:9-57
38-->src/main/AndroidManifest.xml:29:19-54
39        <activity android:name="com.example.sumon.Twin.ImageRequestActivity" />
39-->src/main/AndroidManifest.xml:30:9-58
39-->src/main/AndroidManifest.xml:30:19-55
40
41        <meta-data
41-->[com.android.support:support-v4:26.1.0] AndroidManifest.xml:26:9-28:38
42            android:name="android.support.VERSION"
42-->[com.android.support:support-v4:26.1.0] AndroidManifest.xml:27:13-51
43            android:value="26.1.0" />
43-->[com.android.support:support-v4:26.1.0] AndroidManifest.xml:28:13-35
44    </application>
45
46</manifest>